<?xml version="1.0" encoding="UTF-8"?>
<!-- Generated by org.testng.reporters.JUnitXMLReporter -->
<testsuite ignored="0" hostname="JYOTHI" failures="0" tests="5" name="leads test on chrome" time="203.151" errors="0" timestamp="26 Jul 2021 16:02:21 GMT">
  <testcase classname="testcases.VerifyLeadsModule" name="leadsTabLink_20" time="27.712"/>
  <testcase classname="testcases.VerifyLeadsModule" name="leadsSelectView_21" time="24.859"/>
  <testcase classname="testcases.VerifyLeadsModule" name="leadsSelectView_22" time="52.507"/>
  <testcase classname="testcases.VerifyLeadsModule" name="leadsTodaysLead_23" time="24.165"/>
  <testcase classname="testcases.VerifyLeadsModule" name="leadsNewView_24" time="59.258"/>
</testsuite> <!-- leads test on chrome -->
