<?xml version="1.0" encoding="UTF-8"?>
<!-- Generated by org.testng.reporters.JUnitXMLReporter -->
<testsuite ignored="0" hostname="JYOTHI" failures="0" tests="2" name="LoginTest on chrome" time="26.176" errors="0" timestamp="18 May 2021 02:50:42 GMT">
  <testcase classname="testcases.VerifyLoginFunctionality" name="VerifyLoginErrorMessage01" time="7.193"/>
  <testcase classname="testcases.VerifyLoginFunctionality" name="VerifyLoginErrorMessage02" time="12.276"/>
</testsuite> <!-- LoginTest on chrome -->
