<?xml version="1.0" encoding="UTF-8"?>
<!-- Generated by org.testng.reporters.JUnitXMLReporter -->
<testsuite ignored="0" hostname="JYOTHI" failures="0" tests="5" name="opporty test on chrome" time="209.518" errors="0" timestamp="25 Jul 2021 14:35:12 GMT">
  <testcase classname="testcases.VerifyOpportyModule" name="Opportunity_15" time="27.836"/>
  <testcase classname="testcases.VerifyOpportyModule" name="createNewOpty_16" time="62.182"/>
  <testcase classname="testcases.VerifyOpportyModule" name="optyPipelineReport_17" time="32.167"/>
  <testcase classname="testcases.VerifyOpportyModule" name="stuckOpportunityLink_18" time="26.091"/>
  <testcase classname="testcases.VerifyOpportyModule" name="quarterlySummaryLink_19" time="38.303"/>
</testsuite> <!-- opporty test on chrome -->
