<?xml version="1.0" encoding="UTF-8"?>
<testng-results ignored="0" total="2" passed="2" failed="0" skipped="0">
  <reporter-output>
  </reporter-output>
  <suite started-at="2021-05-18T02:50:16Z" name="loginmodule" finished-at="2021-05-18T02:50:42Z" duration-ms="26176">
    <groups>
    </groups>
    <test started-at="2021-05-18T02:50:16Z" name="LoginTest on chrome" finished-at="2021-05-18T02:50:42Z" duration-ms="26176">
      <class name="testcases.VerifyLoginFunctionality">
        <test-method is-config="true" signature="setup()[pri:0, instance:testcases.VerifyLoginFunctionality@6fdbe764]" started-at="2021-05-17T19:50:16Z" name="setup" finished-at="2021-05-17T19:50:16Z" duration-ms="121" status="PASS">
          <reporter-output>
          </reporter-output>
        </test-method> <!-- setup -->
        <test-method is-config="true" signature="CreateReport(java.lang.reflect.Method)[pri:0, instance:testcases.VerifyLoginFunctionality@6fdbe764]" started-at="2021-05-17T19:50:16Z" name="CreateReport" finished-at="2021-05-17T19:50:16Z" duration-ms="7" status="PASS">
          <params>
            <param index="0">
              <value>
                <![CDATA[public void testcases.VerifyLoginFunctionality.VerifyLoginErrorMessage01(java.lang.String) throws java.io.IOException,java.lang.InterruptedException]]>
              </value>
            </param>
          </params>
          <reporter-output>
          </reporter-output>
        </test-method> <!-- CreateReport -->
        <test-method signature="VerifyLoginErrorMessage01(java.lang.String)[pri:0, instance:testcases.VerifyLoginFunctionality@6fdbe764]" started-at="2021-05-17T19:50:16Z" name="VerifyLoginErrorMessage01" finished-at="2021-05-17T19:50:23Z" duration-ms="7193" status="PASS">
          <params>
            <param index="0">
              <value>
                <![CDATA[chrome]]>
              </value>
            </param>
          </params>
          <reporter-output>
          </reporter-output>
        </test-method> <!-- VerifyLoginErrorMessage01 -->
        <test-method is-config="true" signature="CloseReport()[pri:0, instance:testcases.VerifyLoginFunctionality@6fdbe764]" started-at="2021-05-17T19:50:23Z" name="CloseReport" finished-at="2021-05-17T19:50:24Z" duration-ms="1123" status="PASS">
          <reporter-output>
          </reporter-output>
        </test-method> <!-- CloseReport -->
        <test-method is-config="true" signature="CreateReport(java.lang.reflect.Method)[pri:0, instance:testcases.VerifyLoginFunctionality@6fdbe764]" started-at="2021-05-17T19:50:24Z" name="CreateReport" finished-at="2021-05-17T19:50:24Z" duration-ms="2" status="PASS">
          <params>
            <param index="0">
              <value>
                <![CDATA[public void testcases.VerifyLoginFunctionality.VerifyLoginErrorMessage02(java.lang.String,java.lang.reflect.Method) throws java.io.IOException,java.lang.InterruptedException]]>
              </value>
            </param>
          </params>
          <reporter-output>
          </reporter-output>
        </test-method> <!-- CreateReport -->
        <test-method signature="VerifyLoginErrorMessage02(java.lang.String, java.lang.reflect.Method)[pri:0, instance:testcases.VerifyLoginFunctionality@6fdbe764]" started-at="2021-05-17T19:50:24Z" name="VerifyLoginErrorMessage02" finished-at="2021-05-17T19:50:37Z" duration-ms="12276" status="PASS">
          <params>
            <param index="0">
              <value>
                <![CDATA[chrome]]>
              </value>
            </param>
            <param index="1">
              <value>
                <![CDATA[public void testcases.VerifyLoginFunctionality.VerifyLoginErrorMessage02(java.lang.String,java.lang.reflect.Method) throws java.io.IOException,java.lang.InterruptedException]]>
              </value>
            </param>
          </params>
          <reporter-output>
          </reporter-output>
        </test-method> <!-- VerifyLoginErrorMessage02 -->
        <test-method is-config="true" signature="CloseReport()[pri:0, instance:testcases.VerifyLoginFunctionality@6fdbe764]" started-at="2021-05-17T19:50:37Z" name="CloseReport" finished-at="2021-05-17T19:50:42Z" duration-ms="5175" status="PASS">
          <reporter-output>
          </reporter-output>
        </test-method> <!-- CloseReport -->
        <test-method is-config="true" signature="tearDown()[pri:0, instance:testcases.VerifyLoginFunctionality@6fdbe764]" started-at="2021-05-17T19:50:42Z" name="tearDown" finished-at="2021-05-17T19:50:42Z" duration-ms="258" status="PASS">
          <reporter-output>
          </reporter-output>
        </test-method> <!-- tearDown -->
      </class> <!-- testcases.VerifyLoginFunctionality -->
    </test> <!-- LoginTest on chrome -->
  </suite> <!-- loginmodule -->
</testng-results>
