<?xml version="1.0" encoding="UTF-8"?>
<testng-results ignored="0" total="1" passed="1" failed="0" skipped="0">
  <reporter-output>
  </reporter-output>
  <suite started-at="2021-08-04T18:19:30Z" name="RandomScenarioModule" finished-at="2021-08-04T18:21:12Z" duration-ms="102602">
    <groups>
    </groups>
    <test started-at="2021-08-04T18:19:30Z" name="Randomtest on Chrome" finished-at="2021-08-04T18:21:12Z" duration-ms="102602">
      <class name="testcases.VerifyRandomScenarios">
        <test-method is-config="true" signature="setup()[pri:0, instance:testcases.VerifyRandomScenarios@3b2da18f]" started-at="2021-08-04T11:19:30Z" name="setup" finished-at="2021-08-04T11:19:30Z" duration-ms="238" status="PASS">
          <reporter-output>
          </reporter-output>
        </test-method> <!-- setup -->
        <test-method is-config="true" signature="CreateReport(java.lang.reflect.Method)[pri:0, instance:testcases.VerifyRandomScenarios@3b2da18f]" started-at="2021-08-04T11:19:30Z" name="CreateReport" finished-at="2021-08-04T11:19:30Z" duration-ms="16" status="PASS">
          <params>
            <param index="0">
              <value>
                <![CDATA[public void testcases.VerifyRandomScenarios.blockingEventCalenderRecurrance(java.lang.String,java.lang.reflect.Method) throws java.io.IOException,java.lang.InterruptedException]]>
              </value>
            </param>
          </params>
          <reporter-output>
          </reporter-output>
        </test-method> <!-- CreateReport -->
        <test-method signature="blockingEventCalenderRecurrance(java.lang.String, java.lang.reflect.Method)[pri:5, instance:testcases.VerifyRandomScenarios@3b2da18f]" started-at="2021-08-04T11:19:30Z" name="blockingEventCalenderRecurrance" finished-at="2021-08-04T11:21:07Z" duration-ms="96736" status="PASS">
          <params>
            <param index="0">
              <value>
                <![CDATA[chrome]]>
              </value>
            </param>
            <param index="1">
              <value>
                <![CDATA[public void testcases.VerifyRandomScenarios.blockingEventCalenderRecurrance(java.lang.String,java.lang.reflect.Method) throws java.io.IOException,java.lang.InterruptedException]]>
              </value>
            </param>
          </params>
          <reporter-output>
          </reporter-output>
        </test-method> <!-- blockingEventCalenderRecurrance -->
        <test-method is-config="true" signature="CloseReport()[pri:0, instance:testcases.VerifyRandomScenarios@3b2da18f]" started-at="2021-08-04T11:21:07Z" name="CloseReport" finished-at="2021-08-04T11:21:12Z" duration-ms="5291" status="PASS">
          <reporter-output>
          </reporter-output>
        </test-method> <!-- CloseReport -->
        <test-method is-config="true" signature="tearDown()[pri:0, instance:testcases.VerifyRandomScenarios@3b2da18f]" started-at="2021-08-04T11:21:12Z" name="tearDown" finished-at="2021-08-04T11:21:12Z" duration-ms="299" status="PASS">
          <reporter-output>
          </reporter-output>
        </test-method> <!-- tearDown -->
      </class> <!-- testcases.VerifyRandomScenarios -->
    </test> <!-- Randomtest on Chrome -->
  </suite> <!-- RandomScenarioModule -->
</testng-results>
